DATA COLLECTTION PROCESS START ON 2018-09-09T13:35:19.705288 FOR 37944 OBSERVATIONS
BRATISLAVA - KOLIBA
2018-08-31T23:00:00Z
2018-09-09T13:35:19.981901 - INFO: INSERTING NEW OBSERVATION VALUE '61.6' FOR PROPERTY_ID '2' WITH TIMESTAMP '2018-08-31T23:00:00Z' FOR DS ID '518' DS DESCRIPTION 'BRATISLAVA - KOLIBA relative humidity'
2018-09-09T13:35:20.188902 - INFO: INSERT SUCCESS. OBSERVATION ID: 1194827
2018-09-09T13:35:20.397505 - INFO: INSERTING NEW OBSERVATION VALUE '984.4' FOR PROPERTY_ID '3' WITH TIMESTAMP '2018-08-31T23:00:00Z' FOR DS ID '519' DS DESCRIPTION 'BRATISLAVA - KOLIBA Pressure'
2018-09-09T13:35:20.565467 - INFO: INSERT SUCCESS. OBSERVATION ID: 1194835
2018-09-09T13:35:20.815029 - INFO: INSERTING NEW OBSERVATION VALUE '2.5' FOR PROPERTY_ID '5' WITH TIMESTAMP '2018-08-31T23:00:00Z' FOR DS ID '521' DS DESCRIPTION 'BRATISLAVA - KOLIBA wind speed'
2018-09-09T13:35:20.937168 - INFO: INSERT SUCCESS. OBSERVATION ID: 1194842
2018-09-09T13:35:21.222238 - INFO: INSERTING NEW OBSERVATION VALUE '281.6' FOR PROPERTY_ID '6' WITH TIMESTAMP '2018-08-31T23:00:00Z' FOR DS ID '522' DS DESCRIPTION 'BRATISLAVA - KOLIBA wind direction'
2018-09-09T13:35:21.351555 - INFO: INSERT SUCCESS. OBSERVATION ID: 1194850
2018-09-09T13:35:21.603251 - INFO: INSERTING NEW OBSERVATION VALUE '0.00' FOR PROPERTY_ID '4' WITH TIMESTAMP '2018-08-31T23:00:00Z' FOR DS ID '520' DS DESCRIPTION 'BRATISLAVA - KOLIBA 1 hour precipitaion'
2018-09-09T13:35:21.791472 - INFO: INSERT SUCCESS. OBSERVATION ID: 1194858
2018-09-09T13:35:22.051979 - INFO: INSERTING NEW OBSERVATION VALUE '20.4' FOR PROPERTY_ID '1' WITH TIMESTAMP '2018-08-31T23:00:00Z' FOR DS ID '517' DS DESCRIPTION 'BRATISLAVA - KOLIBA Air Temperature'
2018-09-09T13:35:22.224490 - INFO: INSERT SUCCESS. OBSERVATION ID: 1194866
BRATISLAVA - LETISKO
2018-08-31T23:00:00Z
2018-09-09T13:35:22.474048 - INFO: INSERTING NEW OBSERVATION VALUE '78.0' FOR PROPERTY_ID '2' WITH TIMESTAMP '2018-08-31T23:00:00Z' FOR DS ID '344' DS DESCRIPTION 'BRATISLAVA - LETISKO relative humidity'
2018-09-09T13:35:22.627550 - INFO: INSERT SUCCESS. OBSERVATION ID: 1194874
2018-09-09T13:35:22.871358 - INFO: INSERTING NEW OBSERVATION VALUE '1001.8' FOR PROPERTY_ID '3' WITH TIMESTAMP '2018-08-31T23:00:00Z' FOR DS ID '345' DS DESCRIPTION 'BRATISLAVA - LETISKO Pressure'
2018-09-09T13:35:23.025686 - INFO: INSERT SUCCESS. OBSERVATION ID: 1194882
2018-09-09T13:35:23.302681 - INFO: INSERTING NEW OBSERVATION VALUE '2.7' FOR PROPERTY_ID '5' WITH TIMESTAMP '2018-08-31T23:00:00Z' FOR DS ID '347' DS DESCRIPTION 'BRATISLAVA - LETISKO wind speed'
2018-09-09T13:35:23.472783 - INFO: INSERT SUCCESS. OBSERVATION ID: 1194891
2018-09-09T13:35:23.672877 - INFO: INSERTING NEW OBSERVATION VALUE '313' FOR PROPERTY_ID '6' WITH TIMESTAMP '2018-08-31T23:00:00Z' FOR DS ID '348' DS DESCRIPTION 'BRATISLAVA - LETISKO wind direction'
2018-09-09T13:35:23.846502 - INFO: INSERT SUCCESS. OBSERVATION ID: 1194899
2018-09-09T13:35:24.092008 - INFO: INSERTING NEW OBSERVATION VALUE '0.00' FOR PROPERTY_ID '4' WITH TIMESTAMP '2018-08-31T23:00:00Z' FOR DS ID '346' DS DESCRIPTION 'BRATISLAVA - LETISKO 1 hour precipitaion'
2018-09-09T13:35:24.268825 - INFO: INSERT SUCCESS. OBSERVATION ID: 1194907
2018-09-09T13:35:24.538949 - INFO: INSERTING NEW OBSERVATION VALUE '18.4' FOR PROPERTY_ID '1' WITH TIMESTAMP '2018-08-31T23:00:00Z' FOR DS ID '343' DS DESCRIPTION 'BRATISLAVA - LETISKO Air Temperature'
2018-09-09T13:35:24.698058 - INFO: INSERT SUCCESS. OBSERVATION ID: 1194914
JASLOVSKE BOHUNICE
2018-08-31T23:00:00Z
2018-09-09T13:35:24.925377 - INFO: INSERTING NEW OBSERVATION VALUE '67.0' FOR PROPERTY_ID '2' WITH TIMESTAMP '2018-08-31T23:00:00Z' FOR DS ID '458' DS DESCRIPTION 'JASLOVSKE BOHUNICE relative humidity'
2018-09-09T13:35:25.093885 - INFO: INSERT SUCCESS. OBSERVATION ID: 1194922
2018-09-09T13:35:25.315588 - INFO: INSERTING NEW OBSERVATION VALUE '997.4' FOR PROPERTY_ID '3' WITH TIMESTAMP '2018-08-31T23:00:00Z' FOR DS ID '459' DS DESCRIPTION 'JASLOVSKE BOHUNICE Pressure'
2018-09-09T13:35:25.445741 - INFO: INSERT SUCCESS. OBSERVATION ID: 1194929
2018-09-09T13:35:25.627505 - INFO: INSERTING NEW OBSERVATION VALUE '3.2' FOR PROPERTY_ID '5' WITH TIMESTAMP '2018-08-31T23:00:00Z' FOR DS ID '461' DS DESCRIPTION 'JASLOVSKE BOHUNICE wind speed'
2018-09-09T13:35:25.820312 - INFO: INSERT SUCCESS. OBSERVATION ID: 1194936
2018-09-09T13:35:26.039556 - INFO: INSERTING NEW OBSERVATION VALUE '0' FOR PROPERTY_ID '6' WITH TIMESTAMP '2018-08-31T23:00:00Z' FOR DS ID '462' DS DESCRIPTION 'JASLOVSKE BOHUNICE wind direction'
2018-09-09T13:35:26.164415 - INFO: INSERT SUCCESS. OBSERVATION ID: 1194943
2018-09-09T13:35:26.410950 - INFO: INSERTING NEW OBSERVATION VALUE '0.00' FOR PROPERTY_ID '4' WITH TIMESTAMP '2018-08-31T23:00:00Z' FOR DS ID '460' DS DESCRIPTION 'JASLOVSKE BOHUNICE 1 hour precipitaion'
2018-09-09T13:35:26.576942 - INFO: INSERT SUCCESS. OBSERVATION ID: 1194951
2018-09-09T13:35:26.823305 - INFO: INSERTING NEW OBSERVATION VALUE '19.8' FOR PROPERTY_ID '1' WITH TIMESTAMP '2018-08-31T23:00:00Z' FOR DS ID '457' DS DESCRIPTION 'JASLOVSKE BOHUNICE Air Temperature'
2018-09-09T13:35:27.024358 - INFO: INSERT SUCCESS. OBSERVATION ID: 1194960
PIESTANY
2018-08-31T23:00:00Z
2018-09-09T13:35:27.266271 - INFO: INSERTING NEW OBSERVATION VALUE '74.0' FOR PROPERTY_ID '2' WITH TIMESTAMP '2018-08-31T23:00:00Z' FOR DS ID '440' DS DESCRIPTION 'PIESTANY relative humidity'
2018-09-09T13:35:27.429782 - INFO: INSERT SUCCESS. OBSERVATION ID: 1194967
2018-09-09T13:35:27.706086 - INFO: INSERTING NEW OBSERVATION VALUE '998.6' FOR PROPERTY_ID '3' WITH TIMESTAMP '2018-08-31T23:00:00Z' FOR DS ID '441' DS DESCRIPTION 'PIESTANY Pressure'
2018-09-09T13:35:27.876027 - INFO: INSERT SUCCESS. OBSERVATION ID: 1194974
2018-09-09T13:35:28.112056 - INFO: INSERTING NEW OBSERVATION VALUE '3.9' FOR PROPERTY_ID '5' WITH TIMESTAMP '2018-08-31T23:00:00Z' FOR DS ID '443' DS DESCRIPTION 'PIESTANY wind speed'
2018-09-09T13:35:28.308865 - INFO: INSERT SUCCESS. OBSERVATION ID: 1194981
2018-09-09T13:35:28.518823 - INFO: INSERTING NEW OBSERVATION VALUE '0' FOR PROPERTY_ID '6' WITH TIMESTAMP '2018-08-31T23:00:00Z' FOR DS ID '444' DS DESCRIPTION 'PIESTANY wind direction'
2018-09-09T13:35:28.684793 - INFO: INSERT SUCCESS. OBSERVATION ID: 1194988
2018-09-09T13:35:28.897042 - INFO: INSERTING NEW OBSERVATION VALUE '0.00' FOR PROPERTY_ID '4' WITH TIMESTAMP '2018-08-31T23:00:00Z' FOR DS ID '442' DS DESCRIPTION 'PIESTANY 1 hour precipitaion'
2018-09-09T13:35:29.156873 - INFO: INSERT SUCCESS. OBSERVATION ID: 1194994
2018-09-09T13:35:29.367896 - INFO: INSERTING NEW OBSERVATION VALUE '19.1' FOR PROPERTY_ID '1' WITH TIMESTAMP '2018-08-31T23:00:00Z' FOR DS ID '439' DS DESCRIPTION 'PIESTANY Air Temperature'
2018-09-09T13:35:29.564419 - INFO: INSERT SUCCESS. OBSERVATION ID: 1195002
ZILINA - DOLNY HRICOV
2018-08-31T23:00:00Z
2018-09-09T13:35:29.779618 - INFO: INSERTING NEW OBSERVATION VALUE '88.0' FOR PROPERTY_ID '2' WITH TIMESTAMP '2018-08-31T23:00:00Z' FOR DS ID '398' DS DESCRIPTION 'ZILINA - DOLNY HRICOV relative humidity'
2018-09-09T13:35:29.971139 - INFO: INSERT SUCCESS. OBSERVATION ID: 1195010
2018-09-09T13:35:30.156220 - INFO: INSERTING NEW OBSERVATION VALUE '983.0' FOR PROPERTY_ID '3' WITH TIMESTAMP '2018-08-31T23:00:00Z' FOR DS ID '399' DS DESCRIPTION 'ZILINA - DOLNY HRICOV Pressure'
2018-09-09T13:35:30.311486 - INFO: INSERT SUCCESS. OBSERVATION ID: 1195017
2018-09-09T13:35:30.597806 - INFO: INSERTING NEW OBSERVATION VALUE '1.7' FOR PROPERTY_ID '5' WITH TIMESTAMP '2018-08-31T23:00:00Z' FOR DS ID '401' DS DESCRIPTION 'ZILINA - DOLNY HRICOV wind speed'
2018-09-09T13:35:30.777810 - INFO: INSERT SUCCESS. OBSERVATION ID: 1195026
2018-09-09T13:35:30.992150 - INFO: INSERTING NEW OBSERVATION VALUE '116' FOR PROPERTY_ID '6' WITH TIMESTAMP '2018-08-31T23:00:00Z' FOR DS ID '402' DS DESCRIPTION 'ZILINA - DOLNY HRICOV wind direction'
2018-09-09T13:35:31.156631 - INFO: INSERT SUCCESS. OBSERVATION ID: 1195034
2018-09-09T13:35:31.400302 - INFO: INSERTING NEW OBSERVATION VALUE '0.00' FOR PROPERTY_ID '4' WITH TIMESTAMP '2018-08-31T23:00:00Z' FOR DS ID '400' DS DESCRIPTION 'ZILINA - DOLNY HRICOV 1 hour precipitaion'
2018-09-09T13:35:31.579746 - INFO: INSERT SUCCESS. OBSERVATION ID: 1195041
2018-09-09T13:35:31.789979 - INFO: INSERTING NEW OBSERVATION VALUE '16.2' FOR PROPERTY_ID '1' WITH TIMESTAMP '2018-08-31T23:00:00Z' FOR DS ID '397' DS DESCRIPTION 'ZILINA - DOLNY HRICOV Air Temperature'